#
# A fatal error has been detected by the Java Runtime Environment:
#
#  EXCEPTION_ACCESS_VIOLATION (0xc0000005) at pc=0x00007ff85ac9356f, pid=2964, tid=0x00000000000011c0
#
# JRE version: Java(TM) SE Runtime Environment (8.0_131-b11) (build 1.8.0_131-b11)
# Java VM: Java HotSpot(TM) 64-Bit Server VM (25.131-b11 mixed mode windows-amd64 compressed oops)
# Problematic frame:
# C  [msvcrt.dll+0x7356f]
#
# Failed to write core dump. Minidumps are not enabled by default on client versions of Windows
#
# If you would like to submit a bug report, please visit:
#   http://bugreport.java.com/bugreport/crash.jsp
# The crash happened outside the Java Virtual Machine in native code.
# See problematic frame for where to report the bug.
#

---------------  T H R E A D  ---------------

Current thread (0x0000000019be7800):  JavaThread "VideoManager" [_thread_in_native, id=4544, stack(0x000000001d1e0000,0x000000001d2e0000)]

siginfo: ExceptionCode=0xc0000005, writing address 0x000000001ca21000

Registers:
RAX=0x000000001ca209a0, RBX=0x00000000000000b1, RCX=0x000000001ca21020, RDX=0x0000000005937db0
RSP=0x000000001d2dea58, RBP=0x0000000000000000, RSI=0x00000000223589d0, RDI=0x000000001ca20c20
R8 =0x0000000000000000, R9 =0x0000000000000009, R10=0x0000000000000001, R11=0x000000001ca20c20
R12=0x0000000000000280, R13=0x0000000000000500, R14=0x000000006f37c960, R15=0x00000000000002a0
RIP=0x00007ff85ac9356f, EFLAGS=0x0000000000010202

Top of Stack: (sp=0x000000001d2dea58)
0x000000001d2dea58:   000000006f22d20e 0000000000000000
0x000000001d2dea68:   0000000000000000 0000000000000000
0x000000001d2dea78:   0000000000000000 0000000000000000
0x000000001d2dea88:   fffffd3000000003 0000000100000001
0x000000001d2dea98:   0000000000000001 0000000100000000
0x000000001d2deaa8:   0000000000000002 0000000000000000
0x000000001d2deab8:   0000000000000168 0000000000000000
0x000000001d2deac8:   0000000003417da0 000000001d2debd0
0x000000001d2dead8:   0000000000000000 0000000017d10e00
0x000000001d2deae8:   000000001d2df3d8 0000000019be7800
0x000000001d2deaf8:   000000006e97daab 000000001f553e50
0x000000001d2deb08:   000000001f553e90 000000001f5543f0
0x000000001d2deb18:   000000001f554430 0000000000000000
0x000000001d2deb28:   0000000000000500 00000000000002d0
0x000000001d2deb38:   0000000003417da0 000000001d2debd0
0x000000001d2deb48:   000000006e75393e 000000001cdf32e0 

Instructions: (pc=0x00007ff85ac9356f)
0x00007ff85ac9354f:   49 81 f9 00 20 00 00 0f 87 76 00 00 00 49 83 e0
0x00007ff85ac9355f:   1f f3 0f 6f 04 0a f3 0f 6f 4c 0a 10 48 83 c1 20
0x00007ff85ac9356f:   66 0f 7f 41 e0 66 0f 7f 49 f0 49 ff c9 75 e2 e9
0x00007ff85ac9357f:   4f ff ff ff 66 66 66 66 66 66 66 0f 1f 84 00 00 


Register to memory mapping:

RAX=0x000000001ca209a0 is an unknown value
RBX=0x00000000000000b1 is an unknown value
RCX=0x000000001ca21020 is an unknown value
RDX=0x0000000005937db0 is an unknown value
RSP=0x000000001d2dea58 is pointing into the stack for thread: 0x0000000019be7800
RBP=0x0000000000000000 is an unknown value
RSI=0x00000000223589d0 is an unknown value
RDI=0x000000001ca20c20 is an unknown value
R8 =0x0000000000000000 is an unknown value
R9 =0x0000000000000009 is an unknown value
R10=0x0000000000000001 is an unknown value
R11=0x000000001ca20c20 is an unknown value
R12=0x0000000000000280 is an unknown value
R13=0x0000000000000500 is an unknown value
R14=0x000000006f37c960 is an unknown value
R15=0x00000000000002a0 is an unknown value


Stack: [0x000000001d1e0000,0x000000001d2e0000],  sp=0x000000001d2dea58,  free space=1018k
Native frames: (J=compiled Java code, j=interpreted, Vv=VM code, C=native code)

Java frames: (J=compiled Java code, j=interpreted, Vv=VM code)
j  com.xuggle.xuggler.XugglerJNI.IStreamCoder_decodeVideo(JLcom/xuggle/xuggler/IStreamCoder;JLcom/xuggle/xuggler/IVideoPicture;JLcom/xuggle/xuggler/IPacket;I)I+0
j  com.xuggle.xuggler.IStreamCoder.decodeVideo(Lcom/xuggle/xuggler/IVideoPicture;Lcom/xuggle/xuggler/IPacket;I)I+16
j  de.yadrone.base.video.xuggler.XugglerDecoder.decode(Ljava/io/InputStream;)V+262
j  de.yadrone.base.video.VideoManager.run()V+55
j  java.lang.Thread.run()V+11
v  ~StubRoutines::call_stub

---------------  P R O C E S S  ---------------

Java Threads: ( => current thread )
  0x000000001c814000 JavaThread "Thread-11" [_thread_in_native, id=4704, stack(0x0000000023250000,0x0000000023350000)]
  0x000000001c813800 JavaThread "Thread-10" [_thread_in_native, id=4648, stack(0x0000000023150000,0x0000000023250000)]
  0x000000001c812000 JavaThread "Thread-9" [_thread_in_native, id=5292, stack(0x0000000023050000,0x0000000023150000)]
  0x000000001c812800 JavaThread "Thread-8" [_thread_in_native, id=7828, stack(0x0000000022f50000,0x0000000023050000)]
  0x000000001c609000 JavaThread "Prism Font Disposer" daemon [_thread_blocked, id=5740, stack(0x000000001fe70000,0x000000001ff70000)]
=>0x0000000019be7800 JavaThread "VideoManager" [_thread_in_native, id=4544, stack(0x000000001d1e0000,0x000000001d2e0000)]
  0x0000000019bee000 JavaThread "NavDataManager" [_thread_in_native, id=3356, stack(0x000000001d0e0000,0x000000001d1e0000)]
  0x000000001c364800 JavaThread "CommandManager" [_thread_blocked, id=9512, stack(0x000000001cee0000,0x000000001cfe0000)]
  0x000000001c361800 JavaThread "YADrone CommandManager Timer" [_thread_blocked, id=4600, stack(0x000000001cce0000,0x000000001cde0000)]
  0x000000001c337800 JavaThread "Thread-3" daemon [_thread_in_native, id=976, stack(0x000000001cae0000,0x000000001cbe0000)]
  0x0000000019cc4800 JavaThread "JavaFX-Launcher" [_thread_blocked, id=10144, stack(0x000000001cbe0000,0x000000001cce0000)]
  0x0000000019caf800 JavaThread "JavaFX Application Thread" [_thread_in_native, id=5392, stack(0x000000001a5a0000,0x000000001a6a0000)]
  0x0000000019caa800 JavaThread "Thread-1" daemon [_thread_blocked, id=4880, stack(0x000000001a4a0000,0x000000001a5a0000)]
  0x0000000019c69800 JavaThread "QuantumRenderer-0" daemon [_thread_blocked, id=9736, stack(0x000000001a2a0000,0x000000001a3a0000)]
  0x0000000019900800 JavaThread "Service Thread" daemon [_thread_blocked, id=8068, stack(0x0000000019cd0000,0x0000000019dd0000)]
  0x0000000017f49000 JavaThread "C1 CompilerThread2" daemon [_thread_blocked, id=10180, stack(0x00000000197d0000,0x00000000198d0000)]
  0x0000000017f3d800 JavaThread "C2 CompilerThread1" daemon [_thread_blocked, id=4268, stack(0x00000000196d0000,0x00000000197d0000)]
  0x0000000017f3b800 JavaThread "C2 CompilerThread0" daemon [_thread_blocked, id=4508, stack(0x00000000195d0000,0x00000000196d0000)]
  0x0000000017f39000 JavaThread "Attach Listener" daemon [_thread_blocked, id=1372, stack(0x00000000194d0000,0x00000000195d0000)]
  0x0000000017f45000 JavaThread "Signal Dispatcher" daemon [_thread_blocked, id=10228, stack(0x00000000193d0000,0x00000000194d0000)]
  0x0000000017f2a800 JavaThread "Finalizer" daemon [_thread_blocked, id=1224, stack(0x00000000191b0000,0x00000000192b0000)]
  0x0000000017f08800 JavaThread "Reference Handler" daemon [_thread_blocked, id=2756, stack(0x00000000190b0000,0x00000000191b0000)]
  0x0000000003220800 JavaThread "main" [_thread_blocked, id=2744, stack(0x0000000003050000,0x0000000003150000)]

Other Threads:
  0x0000000017f07800 VMThread [stack: 0x0000000018fb0000,0x00000000190b0000] [id=1820]
  0x0000000019911000 WatcherThread [stack: 0x000000001a1a0000,0x000000001a2a0000] [id=5960]

VM state:not at safepoint (normal execution)

VM Mutex/Monitor currently owned by a thread: None

Heap:
 PSYoungGen      total 38400K, used 18400K [0x00000000d5f00000, 0x00000000d8980000, 0x0000000100000000)
  eden space 33280K, 39% used [0x00000000d5f00000,0x00000000d6bf9668,0x00000000d7f80000)
  from space 5120K, 99% used [0x00000000d7f80000,0x00000000d847e9c8,0x00000000d8480000)
  to   space 5120K, 0% used [0x00000000d8480000,0x00000000d8480000,0x00000000d8980000)
 ParOldGen       total 87552K, used 274K [0x0000000081c00000, 0x0000000087180000, 0x00000000d5f00000)
  object space 87552K, 0% used [0x0000000081c00000,0x0000000081c449a0,0x0000000087180000)
 Metaspace       used 17403K, capacity 18026K, committed 18176K, reserved 1064960K
  class space    used 2342K, capacity 2544K, committed 2560K, reserved 1048576K

Card table byte_map: [0x00000000127d0000,0x0000000012bd0000] byte_map_base: 0x00000000123c2000

Marking Bits: (ParMarkBitMap*) 0x000000005dfac720
 Begin Bits: [0x0000000013280000, 0x0000000015210000)
 End Bits:   [0x0000000015210000, 0x00000000171a0000)

Polling page: 0x00000000013f0000

CodeCache: size=245760Kb used=5163Kb max_used=5163Kb free=240596Kb
 bounds [0x0000000003410000, 0x0000000003920000, 0x0000000012410000]
 total_blobs=2344 nmethods=1639 adapters=617
 compilation: enabled

Compilation events (10 events):
Event: 11.071 Thread 0x0000000017f49000 nmethod 1681 0x000000000391a4d0 code [0x000000000391a680, 0x000000000391ac78]
Event: 11.071 Thread 0x0000000017f49000 1682       3       java.util.regex.Pattern$Node::match (27 bytes)
Event: 11.072 Thread 0x0000000017f49000 nmethod 1682 0x000000000391ae10 code [0x000000000391af80, 0x000000000391b130]
Event: 11.072 Thread 0x0000000017f49000 1685       1       java.util.Calendar::getZone (5 bytes)
Event: 11.072 Thread 0x0000000017f49000 nmethod 1685 0x000000000391b250 code [0x000000000391b3a0, 0x000000000391b4b0]
Event: 11.072 Thread 0x0000000017f49000 1684       1       java.util.Formatter::access$000 (5 bytes)
Event: 11.072 Thread 0x0000000017f49000 nmethod 1684 0x000000000391b510 code [0x000000000391b660, 0x000000000391b750]
Event: 11.072 Thread 0x0000000017f49000 1683       3       java.util.regex.Pattern$CharProperty::match (56 bytes)
Event: 11.073 Thread 0x0000000017f49000 nmethod 1683 0x000000000391b7d0 code [0x000000000391b960, 0x000000000391be48]
Event: 11.073 Thread 0x0000000017f49000 1687       3       java.util.regex.Matcher::reset (83 bytes)

GC Heap History (2 events):
Event: 6.429 GC heap before
{Heap before GC invocations=1 (full 0):
 PSYoungGen      total 38400K, used 33280K [0x00000000d5f00000, 0x00000000d8980000, 0x0000000100000000)
  eden space 33280K, 100% used [0x00000000d5f00000,0x00000000d7f80000,0x00000000d7f80000)
  from space 5120K, 0% used [0x00000000d8480000,0x00000000d8480000,0x00000000d8980000)
  to   space 5120K, 0% used [0x00000000d7f80000,0x00000000d7f80000,0x00000000d8480000)
 ParOldGen       total 87552K, used 0K [0x0000000081c00000, 0x0000000087180000, 0x00000000d5f00000)
  object space 87552K, 0% used [0x0000000081c00000,0x0000000081c00000,0x0000000087180000)
 Metaspace       used 15355K, capacity 15860K, committed 16128K, reserved 1062912K
  class space    used 2070K, capacity 2249K, committed 2304K, reserved 1048576K
Event: 6.435 GC heap after
Heap after GC invocations=1 (full 0):
 PSYoungGen      total 38400K, used 5114K [0x00000000d5f00000, 0x00000000d8980000, 0x0000000100000000)
  eden space 33280K, 0% used [0x00000000d5f00000,0x00000000d5f00000,0x00000000d7f80000)
  from space 5120K, 99% used [0x00000000d7f80000,0x00000000d847e9c8,0x00000000d8480000)
  to   space 5120K, 0% used [0x00000000d8480000,0x00000000d8480000,0x00000000d8980000)
 ParOldGen       total 87552K, used 274K [0x0000000081c00000, 0x0000000087180000, 0x00000000d5f00000)
  object space 87552K, 0% used [0x0000000081c00000,0x0000000081c449a0,0x0000000087180000)
 Metaspace       used 15355K, capacity 15860K, committed 16128K, reserved 1062912K
  class space    used 2070K, capacity 2249K, committed 2304K, reserved 1048576K
}

Deoptimization events (10 events):
Event: 6.368 Thread 0x0000000019caf800 Uncommon trap: reason=class_check action=maybe_recompile pc=0x00000000036ce9e0 method=java.io.DataInputStream.readShort()S @ 4
Event: 6.368 Thread 0x0000000019caf800 Uncommon trap: reason=class_check action=maybe_recompile pc=0x00000000036ce9e0 method=java.io.DataInputStream.readShort()S @ 4
Event: 6.368 Thread 0x0000000019caf800 Uncommon trap: reason=class_check action=maybe_recompile pc=0x00000000036ce9e0 method=java.io.DataInputStream.readShort()S @ 4
Event: 6.368 Thread 0x0000000019caf800 Uncommon trap: reason=class_check action=maybe_recompile pc=0x00000000036ce9e0 method=java.io.DataInputStream.readShort()S @ 4
Event: 6.377 Thread 0x0000000019caf800 Uncommon trap: reason=class_check action=maybe_recompile pc=0x000000000352f130 method=java.lang.String.equals(Ljava/lang/Object;)Z @ 8
Event: 6.377 Thread 0x0000000019caf800 Uncommon trap: reason=class_check action=maybe_recompile pc=0x000000000352f130 method=java.lang.String.equals(Ljava/lang/Object;)Z @ 8
Event: 6.377 Thread 0x0000000019caf800 Uncommon trap: reason=class_check action=maybe_recompile pc=0x000000000352f130 method=java.lang.String.equals(Ljava/lang/Object;)Z @ 8
Event: 6.406 Thread 0x0000000019caf800 Uncommon trap: reason=unstable_if action=reinterpret pc=0x0000000003536f18 method=java.lang.String.regionMatches(ZILjava/lang/String;II)Z @ 123
Event: 6.421 Thread 0x0000000019caf800 Uncommon trap: reason=class_check action=maybe_recompile pc=0x000000000352f130 method=java.lang.String.equals(Ljava/lang/Object;)Z @ 8
Event: 7.744 Thread 0x0000000019caf800 Uncommon trap: reason=unstable_if action=reinterpret pc=0x00000000037ae728 method=jdk.internal.org.objectweb.asm.Type.getArgumentsAndReturnSizes(Ljava/lang/String;)I @ 47

Internal exceptions (10 events):
Event: 5.564 Thread 0x0000000019be7800 Exception <a 'java/security/PrivilegedActionException'> (0x00000000d6ec36f0) thrown at [C:\re\workspace\8-2-build-windows-amd64-cygwin\jdk8u131\8869\hotspot\src\share\vm\prims\jvm.cpp, line 1390]
Event: 5.564 Thread 0x0000000019be7800 Exception <a 'java/security/PrivilegedActionException'> (0x00000000d6ec4838) thrown at [C:\re\workspace\8-2-build-windows-amd64-cygwin\jdk8u131\8869\hotspot\src\share\vm\prims\jvm.cpp, line 1390]
Event: 5.564 Thread 0x0000000019be7800 Exception <a 'java/security/PrivilegedActionException'> (0x00000000d6ec4c30) thrown at [C:\re\workspace\8-2-build-windows-amd64-cygwin\jdk8u131\8869\hotspot\src\share\vm\prims\jvm.cpp, line 1390]
Event: 5.643 Thread 0x0000000019caf800 Exception <a 'java/lang/NullPointerException'> (0x00000000d718d8c0) thrown at [C:\re\workspace\8-2-build-windows-amd64-cygwin\jdk8u131\8869\hotspot\src\share\vm\interpreter\linkResolver.cpp, line 1197]
Event: 5.643 Thread 0x0000000019caf800 Exception <a 'java/lang/NullPointerException'> (0x00000000d718d8c0) thrown at [C:\re\workspace\8-2-build-windows-amd64-cygwin\jdk8u131\8869\hotspot\src\share\vm\prims\jvm.cpp, line 1394]
Event: 6.047 Thread 0x0000000019caf800 Exception <a 'java/lang/ArrayIndexOutOfBoundsException'> (0x00000000d780c2b0) thrown at [C:\re\workspace\8-2-build-windows-amd64-cygwin\jdk8u131\8869\hotspot\src\share\vm\runtime\sharedRuntime.cpp, line 605]
Event: 6.047 Thread 0x0000000019caf800 Exception <a 'java/lang/ArrayIndexOutOfBoundsException'> (0x00000000d780cdc8) thrown at [C:\re\workspace\8-2-build-windows-amd64-cygwin\jdk8u131\8869\hotspot\src\share\vm\runtime\sharedRuntime.cpp, line 605]
Event: 6.048 Thread 0x0000000019caf800 Exception <a 'java/lang/ArrayIndexOutOfBoundsException'> (0x00000000d780e170) thrown at [C:\re\workspace\8-2-build-windows-amd64-cygwin\jdk8u131\8869\hotspot\src\share\vm\runtime\sharedRuntime.cpp, line 605]
Event: 6.049 Thread 0x0000000019caf800 Exception <a 'java/lang/ArrayIndexOutOfBoundsException'> (0x00000000d78107b0) thrown at [C:\re\workspace\8-2-build-windows-amd64-cygwin\jdk8u131\8869\hotspot\src\share\vm\runtime\sharedRuntime.cpp, line 605]
Event: 6.202 Thread 0x0000000019caf800 Implicit null exception at 0x000000000377bc35 to 0x000000000377be45

Events (10 events):
Event: 11.060 Executing VM operation: RevokeBias
Event: 11.061 Executing VM operation: RevokeBias done
Event: 11.061 Executing VM operation: RevokeBias
Event: 11.061 Executing VM operation: RevokeBias done
Event: 11.063 Executing VM operation: RevokeBias
Event: 11.063 Executing VM operation: RevokeBias done
Event: 11.066 Thread 0x000000001c813800 Thread added: 0x000000001c813800
Event: 11.070 loading class com/xuggle/ferry/JNIMemoryParachute
Event: 11.070 loading class com/xuggle/ferry/JNIMemoryParachute done
Event: 11.070 Thread 0x000000001c814000 Thread added: 0x000000001c814000


Dynamic libraries:
0x00007ff6181c0000 - 0x00007ff6181f7000 	C:\Program Files\Java\jre1.8.0_131\bin\javaw.exe
0x00007ff85cde0000 - 0x00007ff85cfbb000 	C:\Windows\SYSTEM32\ntdll.dll
0x00007ff85af10000 - 0x00007ff85afbe000 	C:\Windows\System32\KERNEL32.DLL
0x00007ff8596f0000 - 0x00007ff859939000 	C:\Windows\System32\KERNELBASE.dll
0x00007ff85b080000 - 0x00007ff85b121000 	C:\Windows\System32\ADVAPI32.dll
0x00007ff85ac20000 - 0x00007ff85acbd000 	C:\Windows\System32\msvcrt.dll
0x00007ff85c620000 - 0x00007ff85c679000 	C:\Windows\System32\sechost.dll
0x00007ff85cc50000 - 0x00007ff85cd75000 	C:\Windows\System32\RPCRT4.dll
0x00007ff85c9e0000 - 0x00007ff85cb2a000 	C:\Windows\System32\USER32.dll
0x00007ff8596d0000 - 0x00007ff8596ee000 	C:\Windows\System32\win32u.dll
0x00007ff85aa80000 - 0x00007ff85aaa7000 	C:\Windows\System32\GDI32.dll
0x00007ff859540000 - 0x00007ff8596c9000 	C:\Windows\System32\gdi32full.dll
0x00007ff85a2a0000 - 0x00007ff85a33a000 	C:\Windows\System32\msvcp_win.dll
0x00007ff85a1a0000 - 0x00007ff85a296000 	C:\Windows\System32\ucrtbase.dll
0x00007ff84d870000 - 0x00007ff84dad7000 	C:\Windows\WinSxS\amd64_microsoft.windows.common-controls_6595b64144ccf1df_6.0.15063.0_none_108e4f62dfe5d999\COMCTL32.dll
0x00007ff85c680000 - 0x00007ff85c979000 	C:\Windows\System32\combase.dll
0x00007ff8594d0000 - 0x00007ff85953a000 	C:\Windows\System32\bcryptPrimitives.dll
0x00007ff85afc0000 - 0x00007ff85afed000 	C:\Windows\System32\IMM32.DLL
0x000000005d6b0000 - 0x000000005d782000 	C:\Program Files\Java\jre1.8.0_131\bin\msvcr100.dll
0x000000005d790000 - 0x000000005e02c000 	C:\Program Files\Java\jre1.8.0_131\bin\server\jvm.dll
0x00007ff85cc40000 - 0x00007ff85cc48000 	C:\Windows\System32\PSAPI.DLL
0x00007ff844db0000 - 0x00007ff844db9000 	C:\Windows\SYSTEM32\WSOCK32.dll
0x00007ff85b010000 - 0x00007ff85b07c000 	C:\Windows\System32\WS2_32.dll
0x00007ff856d50000 - 0x00007ff856d73000 	C:\Windows\SYSTEM32\WINMM.dll
0x00007ff857640000 - 0x00007ff85764a000 	C:\Windows\SYSTEM32\VERSION.dll
0x00007ff856be0000 - 0x00007ff856c0b000 	C:\Windows\SYSTEM32\WINMMBASE.dll
0x00007ff859940000 - 0x00007ff859989000 	C:\Windows\System32\cfgmgr32.dll
0x000000005d6a0000 - 0x000000005d6af000 	C:\Program Files\Java\jre1.8.0_131\bin\verify.dll
0x000000005d670000 - 0x000000005d699000 	C:\Program Files\Java\jre1.8.0_131\bin\java.dll
0x000000005d650000 - 0x000000005d666000 	C:\Program Files\Java\jre1.8.0_131\bin\zip.dll
0x00007ff85b130000 - 0x00007ff85c567000 	C:\Windows\System32\SHELL32.dll
0x00007ff85c570000 - 0x00007ff85c61a000 	C:\Windows\System32\shcore.dll
0x00007ff859aa0000 - 0x00007ff85a192000 	C:\Windows\System32\windows.storage.dll
0x00007ff85c980000 - 0x00007ff85c9d1000 	C:\Windows\System32\shlwapi.dll
0x00007ff859290000 - 0x00007ff8592a1000 	C:\Windows\System32\kernel.appcore.dll
0x00007ff8592b0000 - 0x00007ff8592fc000 	C:\Windows\System32\powrprof.dll
0x00007ff859250000 - 0x00007ff859265000 	C:\Windows\System32\profapi.dll
0x00007ff830320000 - 0x00007ff83040f000 	C:\Program Files\Java\jre1.8.0_131\bin\msvcr120.dll
0x00007ff835c70000 - 0x00007ff835d16000 	C:\Program Files\Java\jre1.8.0_131\bin\msvcp120.dll
0x000000005d560000 - 0x000000005d582000 	C:\Program Files\Java\jre1.8.0_131\bin\prism_d3d.dll
0x00007ff831510000 - 0x00007ff831699000 	C:\Windows\system32\d3d9.dll
0x00007ff8559d0000 - 0x00007ff8559fa000 	C:\Windows\SYSTEM32\dwmapi.dll
0x00007ff857080000 - 0x00007ff857115000 	C:\Windows\system32\uxtheme.dll
0x00007ff831870000 - 0x00007ff8322de000 	C:\Windows\SYSTEM32\igdumdim64.dll
0x00007ff852c10000 - 0x00007ff853074000 	C:\Windows\SYSTEM32\igdusc64.dll
0x000000005d510000 - 0x000000005d553000 	C:\Program Files\Java\jre1.8.0_131\bin\glass.dll
0x00007ff85cb30000 - 0x00007ff85cc38000 	C:\Windows\System32\COMDLG32.dll
0x00007ff85a340000 - 0x00007ff85a484000 	C:\Windows\System32\ole32.dll
0x00007ff85acc0000 - 0x00007ff85ad7f000 	C:\Windows\System32\OLEAUT32.dll
0x00007ff85aab0000 - 0x00007ff85ac16000 	C:\Windows\System32\MSCTF.dll
0x000000005d630000 - 0x000000005d64a000 	C:\Program Files\Java\jre1.8.0_131\bin\net.dll
0x00007ff8587d0000 - 0x00007ff85882c000 	C:\Windows\system32\mswsock.dll
0x00007ff858dd0000 - 0x00007ff858de7000 	C:\Windows\SYSTEM32\CRYPTSP.dll
0x00007ff8583f0000 - 0x00007ff858424000 	C:\Windows\system32\rsaenh.dll
0x00007ff859080000 - 0x00007ff8590a5000 	C:\Windows\SYSTEM32\bcrypt.dll
0x00007ff859150000 - 0x00007ff859179000 	C:\Windows\SYSTEM32\USERENV.dll
0x00007ff858970000 - 0x00007ff85897b000 	C:\Windows\SYSTEM32\CRYPTBASE.dll
0x00007ff858570000 - 0x00007ff8585a7000 	C:\Windows\SYSTEM32\IPHLPAPI.DLL
0x00007ff85ade0000 - 0x00007ff85ade8000 	C:\Windows\System32\NSI.dll
0x00007ff84e150000 - 0x00007ff84e166000 	C:\Windows\SYSTEM32\dhcpcsvc6.DLL
0x00007ff84e130000 - 0x00007ff84e14a000 	C:\Windows\SYSTEM32\dhcpcsvc.DLL
0x000000005d610000 - 0x000000005d621000 	C:\Program Files\Java\jre1.8.0_131\bin\nio.dll
0x000000005d4f0000 - 0x000000005d504000 	C:\Program Files\Java\jre1.8.0_131\bin\javafx_font.dll
0x00007ff84d580000 - 0x00007ff84d840000 	C:\Windows\SYSTEM32\dwrite.dll
0x000000006e740000 - 0x000000006fda5000 	C:\Users\admin\AppData\Local\Temp\xuggle\xuggle7875017453649339130.dll
0x00007ff84c4a0000 - 0x00007ff84c4b8000 	C:\Windows\SYSTEM32\AVICAP32.dll
0x00007ff84c470000 - 0x00007ff84c499000 	C:\Windows\SYSTEM32\MSVFW32.dll
0x00007ff85ae70000 - 0x00007ff85af0e000 	C:\Windows\System32\clbcatq.dll
0x00007ff8548a0000 - 0x00007ff854a4c000 	C:\Windows\SYSTEM32\WindowsCodecs.dll
0x00007ff83ddc0000 - 0x00007ff83de07000 	C:\Windows\system32\dataexchange.dll
0x00007ff855a30000 - 0x00007ff855d0f000 	C:\Windows\system32\d3d11.dll
0x00007ff8567f0000 - 0x00007ff856912000 	C:\Windows\system32\dcomp.dll
0x00007ff8576f0000 - 0x00007ff857794000 	C:\Windows\system32\dxgi.dll
0x00007ff8572a0000 - 0x00007ff857410000 	C:\Windows\system32\twinapi.appcore.dll
0x00007ff847190000 - 0x00007ff8471c1000 	C:\Program Files\Common Files\Microsoft Shared\Ink\rtscom.dll
0x00007ff851700000 - 0x00007ff851782000 	C:\Windows\System32\TextInputFramework.dll
0x00007ff856700000 - 0x00007ff8567e3000 	C:\Windows\System32\CoreMessaging.dll
0x00007ff854420000 - 0x00007ff8546f2000 	C:\Windows\System32\CoreUIComponents.dll
0x00007ff854c70000 - 0x00007ff854da9000 	C:\Windows\SYSTEM32\wintypes.dll
0x00007ff8555a0000 - 0x00007ff8555b5000 	C:\Windows\SYSTEM32\usermgrcli.dll
0x00007ff858220000 - 0x00007ff858251000 	C:\Windows\SYSTEM32\ntmarta.dll
0x000000005d4d0000 - 0x000000005d4e1000 	C:\Program Files\Java\jre1.8.0_131\bin\prism_common.dll
0x00007ff858df0000 - 0x00007ff858f99000 	C:\Windows\SYSTEM32\dbghelp.dll

VM Arguments:
jvm_args: -Djava.library.path=C:\Users\admin\workspace\Geier\resources -Dfile.encoding=Cp1252 
java_command: de.yadrone.apps.controlcenter.openfx
java_class_path (initial): C:\Users\admin\workspace\Geier\bin;C:\Users\admin\workspace\Geier\lib\commons-net-3.2.jar;C:\Users\admin\workspace\Geier\lib\core.jar;C:\Users\admin\workspace\Geier\lib\jcommon-1.0.16.jar;C:\Users\admin\workspace\Geier\lib\jfreechart-1.0.13.jar;C:\Users\admin\workspace\Geier\lib\slf4j-api-1.7.2.jar;C:\Users\admin\workspace\Geier\lib\slf4j-jdk14-1.7.2.jar;C:\Users\admin\workspace\Geier\lib\xuggle-xuggler-5.4.jar;C:\Users\admin\workspace\Geier\lib\yadrone_021.jar;C:\Users\admin\workspace\Geier\lib\zxing\core-2.2.jar;C:\Users\admin\workspace\Geier\lib\zxing\javase-2.2.jar;C:\Users\admin\workspace\Geier\lib\reflections\guava-11.0.2.jar;C:\Users\admin\workspace\Geier\lib\reflections\javassist-3.16.1-GA.jar;C:\Users\admin\workspace\Geier\lib\reflections\reflections-0.9.9-RC1.jar;C:\Users\admin\workspace\Geier\lib\Myo-Java.jar
Launcher Type: SUN_STANDARD

Environment Variables:
PATH=C:/Program Files/Java/jre1.8.0_131/bin/server;C:/Program Files/Java/jre1.8.0_131/bin;C:/Program Files/Java/jre1.8.0_131/lib/amd64;C:\ProgramData\Oracle\Java\javapath;C:\Windows\system32;C:\Windows;C:\Windows\System32\Wbem;C:\Windows\System32\WindowsPowerShell\v1.0\;C:\Users\admin\AppData\Local\Microsoft\WindowsApps;;C:\Windows\system32;
USERNAME=admin
OS=Windows_NT
PROCESSOR_IDENTIFIER=Intel64 Family 6 Model 58 Stepping 9, GenuineIntel



---------------  S Y S T E M  ---------------

OS: